<testsuites id="" name="" tests="1" failures="1" skipped="0" errors="0" time="45.236716">
<testsuite name="admin/bundles-price-lock.spec.ts" timestamp="2025-11-08T11:16:27.559Z" hostname="chromium" tests="1" failures="1" skipped="0" time="13.245" errors="0">
<testcase name="🎨 Scénario 3: Admin UI - Checkbox Price Lock › 3.2 - Toggle checkbox → Persistance état" classname="admin/bundles-price-lock.spec.ts" time="13.245">
<failure message="bundles-price-lock.spec.ts:447:3 3.2 - Toggle checkbox → Persistance état" type="FAILURE">
<![CDATA[  [chromium] › admin/bundles-price-lock.spec.ts:447:3 › 🎨 Scénario 3: Admin UI - Checkbox Price Lock › 3.2 - Toggle checkbox → Persistance état 

    Error: Le handler PUT /api/campaign-bundles/37 n'a jamais répondu. Le problème vient du backend. Erreur originale: Error: expect(received).toBe(expected) // Object.is equality

    Expected: true
    Received: false

      544 |       console.error('❌ ERREUR CRITIQUE: Le handler PUT n\'a pas répondu dans le temps imparti.')
      545 |       // Faire échouer le test avec un message clair
    > 546 |       throw new Error(`Le handler PUT /api/campaign-bundles/${bundleId} n'a jamais répondu. Le problème vient du backend. Erreur originale: ${error}`)
          |             ^
      547 |     }
      548 |
      549 |     // 5. (Optionnel mais recommandé) Vérifier que le toast de succès apparaît APRÈS la confirmation de l'API
        at /Users/logansery/Documents/ns2po-w/apps/election-mvp/tests/e2e/admin/bundles-price-lock.spec.ts:546:13

    attachment #1: screenshot (image/png) ──────────────────────────────────────────────────────────
    ../../test-results/admin-bundles-price-lock-�-8beb7-checkbox-→-Persistance-état-chromium/test-failed-1.png
    ────────────────────────────────────────────────────────────────────────────────────────────────

    attachment #2: video (video/webm) ──────────────────────────────────────────────────────────────
    ../../test-results/admin-bundles-price-lock-�-8beb7-checkbox-→-Persistance-état-chromium/video.webm
    ────────────────────────────────────────────────────────────────────────────────────────────────

    Error Context: ../../test-results/admin-bundles-price-lock-�-8beb7-checkbox-→-Persistance-état-chromium/error-context.md
]]>
</failure>
<system-out>
<![CDATA[🔧 Création produit test: Test UI Product 1762600588920 - Prix: 5800 FCFA
✅ Produit créé: ID=prod_1762600589106_s2ngcgy
🔧 Création bundle test: Test UI Bundle 1762600588920
✅ Bundle créé: ID=37
🔍 [DEBUG POST] Valeurs insérées dans DB: {
  "inserted_db_values": [
    {
      "product_id": "prod_1762600589106_s2ngcgy",
      "custom_price": 5800,
      "price_locked": 0
    }
  ]
}
⏳ Attente 500ms réplication Turso (primary → replica)...
✅ Délai réplication OK
📋 Test 3.2: Test toggle checkbox et persistance...
✅ Login admin réussi
✅ Checkbox coché - Label: "🔒 Prix fixe"
🔍 [DEBUG] Bouton Save - Disabled: false, Text: " Sauvegarder"
⏳ Clic sur "Enregistrer" et attente de la réponse PUT...
[Browser LOG] 🔍 [DEBUG validateForm] Début validation: {name: Test UI Bundle 1762600588920, description: Test bundle for Price Lock feature - Test UI Bundl, targetAudience: local, estimatedTotal: 29000, popularity: 90}
[Browser LOG] 🔍 [DEBUG validateForm] Résultat final: isValid = true
[Browser LOG] 🔍 [DEBUG handleSubmit] bundleData: {
  "name": "Test UI Bundle 1762600588920",
  "description": "Test bundle for Price Lock feature - Test UI Bundle 1762600588920",
  "targetAudience": "local",
  "estimatedTotal": 29000,
  "originalTotal": 29000,
  "popularity": 90,
  "isActive": true,
  "isFeatured": true,
  "products": [
    {
      "id": "prod_1762600589106_s2ngcgy",
      "name": "Test UI Product 1762600588920",
      "basePrice": 5800,
      "quantity": 5,
      "subtotal": 29000,
      "priceLocked": true
    }
  ],
  "tags": [],
  "savings": 0
}
✅ Réponse API reçue: 500 - Erreur interne du serveur
[Browser ERROR] Failed to load resource: the server responded with a status of 500 (Erreur interne du serveur)
[Browser ERROR] Error updating bundle 37: FetchError: [PUT] "/api/campaign-bundles/37": 500 Erreur interne du serveur
    at async $fetch2 (http://localhost:3003/_nuxt/@fs/Users/logansery/Documents/ns2po-w/node_modules/.pnpm/ofetch@1.5.1/node_modules/ofetch/dist/shared/ofetch.CWycOUEr.mjs?v=5b883131:332:15)
    at async BundleService.updateBundle (http://localhost:3003/_nuxt/services/BundleService.ts:266:24)
    at async Object.mutationFn (http://localhost:3003/_nuxt/composables/useBundlesQuery.ts:174:14)
🧹 Nettoyage: Suppression bundle et produit test...
✅ Nettoyage terminé

[[ATTACHMENT|admin-bundles-price-lock-�-8beb7-checkbox-→-Persistance-état-chromium/test-failed-1.png]]

[[ATTACHMENT|admin-bundles-price-lock-�-8beb7-checkbox-→-Persistance-état-chromium/video.webm]]

[[ATTACHMENT|admin-bundles-price-lock-�-8beb7-checkbox-→-Persistance-état-chromium/error-context.md]]
]]>
</system-out>
<system-err>
<![CDATA[❌ ERREUR CRITIQUE: Le handler PUT n'a pas répondu dans le temps imparti.
]]>
</system-err>
</testcase>
</testsuite>
</testsuites>